<?xml version="1.0" encoding="UTF-8"?>
<!-- Generated by org.testng.reporters.JUnitXMLReporter -->
<testsuite ignored="0" hostname="DESKTOP-E8V1RM9" failures="0" tests="7" name="checkDell" time="14.686" errors="0" timestamp="2021-02-21T15:23:48 ICT">
  <testcase classname="test.TestNG.TestNG_Cart" name="launchWebsite" time="1.053"/>
  <testcase classname="test.TestNG.TestNG_Cart" name="fillToLogin" time="1.249"/>
  <testcase classname="test.TestNG.TestNG_Cart" name="doLogin" time="1.445"/>
  <testcase classname="test.TestNG.TestNG_Cart" name="clickToCollections" time="1.26"/>
  <testcase classname="test.TestNG.TestNG_Cart" name="testBuyNow" time="1.255"/>
  <testcase classname="test.TestNG.TestNG_Cart" name="clickToChange" time="5.248"/>
  <testcase classname="test.TestNG.TestNG_Cart" name="clickToCart" time="1.149"/>
</testsuite> <!-- checkDell -->
