<?xml version="1.0" encoding="UTF-8"?>
<!-- Generated by org.testng.reporters.JUnitXMLReporter -->
<testsuite ignored="0" hostname="DESKTOP-E8V1RM9" failures="5" tests="5" name="Paybill" time="0.019" errors="0" timestamp="2021-02-21T15:23:48 ICT">
  <testcase classname="test.TestNG.TestNG_PayBill" name="clickToCollections" time="0.003">
    <failure type="java.lang.AssertionError">
      <![CDATA[java.lang.AssertionError: 
at test.TestNG.TestNG_PayBill.clickToCollections(TestNG_PayBill.java:44)
at java.base/java.util.ArrayList.forEach(ArrayList.java:1511)
... Removed 30 stack frames]]>
    </failure>
  </testcase> <!-- clickToCollections -->
  <testcase classname="test.TestNG.TestNG_PayBill" name="testBuyNow" time="0.001">
    <failure type="java.lang.AssertionError">
      <![CDATA[java.lang.AssertionError: 
at test.TestNG.TestNG_PayBill.testBuyNow(TestNG_PayBill.java:69)
at java.base/java.util.ArrayList.forEach(ArrayList.java:1511)
... Removed 30 stack frames]]>
    </failure>
  </testcase> <!-- testBuyNow -->
  <testcase classname="test.TestNG.TestNG_PayBill" name="clickBtnPay" time="0.001">
    <failure type="java.lang.AssertionError">
      <![CDATA[java.lang.AssertionError: 
at test.TestNG.TestNG_PayBill.clickBtnPay(TestNG_PayBill.java:81)
at java.base/java.util.ArrayList.forEach(ArrayList.java:1511)
... Removed 30 stack frames]]>
    </failure>
  </testcase> <!-- clickBtnPay -->
  <testcase classname="test.TestNG.TestNG_PayBill" name="filltoBill" time="0.002">
    <failure type="java.lang.AssertionError">
      <![CDATA[java.lang.AssertionError: 
at test.TestNG.TestNG_PayBill.filltoBill(TestNG_PayBill.java:104)
at java.base/java.util.ArrayList.forEach(ArrayList.java:1511)
... Removed 30 stack frames]]>
    </failure>
  </testcase> <!-- filltoBill -->
  <testcase classname="test.TestNG.TestNG_PayBill" name="clickbtnConfirm" time="0.002">
    <failure type="java.lang.AssertionError">
      <![CDATA[java.lang.AssertionError: 
at test.TestNG.TestNG_PayBill.clickbtnConfirm(TestNG_PayBill.java:118)
at java.base/java.util.ArrayList.forEach(ArrayList.java:1511)
... Removed 30 stack frames]]>
    </failure>
  </testcase> <!-- clickbtnConfirm -->
</testsuite> <!-- Paybill -->
